
     Program UNFOLD v.6.7MaX starts on 24Dec2020 at 10:47:55 

     This program is part of the open-source Quantum ESPRESSO suite
     for quantum simulation of materials; please cite
         "P. Giannozzi et al., J. Phys.:Condens. Matter 21 395502 (2009);
         "P. Giannozzi et al., J. Phys.:Condens. Matter 29 465901 (2017);
          URL http://www.quantum-espresso.org", 
     in publications or presentations arising from this work. More details at
     http://www.quantum-espresso.org/quote

     Serial multi-threaded version, running on    1 processor cores

     Reading xml data from directory:

     ./out/aiida.save/
     file Fe.pbe-spn-kjpaw_psl.0.2.1.UPF: wavefunction(s)  3D renormalized

     IMPORTANT: XC functional enforced from input :
     Exchange-correlation= PBE
                           (   1   4   3   4   0   0   0)
     Any further DFT definition will be discarded
     Please, verify this is what you really want


     G-vector sticks info
     --------------------
     sticks:   dense  smooth     PW     G-vecs:    dense   smooth      PW
     Sum        1209     485    151                68115    17241    3015


     Check: negative core charge=   -0.000047
     Reading collected, re-writing distributed wavefunctions
     The determinant of TRMAT is:   2.0
     Supercell crystal axes: (cart. coord. in units of SuperCell_alat)
               a(1) = (  -1.000000   0.000000   0.000000 )  
               a(2) = (  -0.034383  -1.416982   0.000000 )  
               a(3) = (   0.989489   0.778733   2.573167 )  

     Supercell reciprocal axes: (cart. coord. in units 2 pi/SC_alat)
               b(1) = ( -1.000000  0.024265  0.377198 )  
               b(2) = (  0.000000 -0.705725  0.213578 )  
               b(3) = (  0.000000  0.000000  0.388626 )  

     New crystal axes: (cart. coord. in units of SC_alat)
               a(1) = (  -1.000000   0.000000   0.000000 )  
               a(2) = (  -0.034383  -1.416982   0.000000 )  
               a(3) = (   0.494744   0.389367   1.286583 )  

     New reciprocal axes: (cart. coord. in units 2 pi/SC_alat)
               b(1) = ( -1.000000  0.024265  0.377198 )  
               b(2) = (  0.000000 -0.705725  0.213578 )  
               b(3) = (  0.000000  0.000000  0.777252 )  

     WARNING: USPP blindly implemented!
     Plotting command for Gnuplot
     set pm3d map interpolate 2,2
     splot './FeN.dat' binary record=(3001,-1) format='%double' u 1:2:3
     Doing K =    0.0000000   0.0000000   0.0000000, spin=1
     Doing K =   -0.0094340   0.0002289   0.0035585, spin=1
     Doing K =   -0.0188679   0.0004578   0.0071169, spin=1
     Doing K =   -0.0283019   0.0006867   0.0106754, spin=1
     Doing K =   -0.0377358   0.0009157   0.0142339, spin=1
     Doing K =   -0.0471698   0.0011446   0.0177923, spin=1
     Doing K =   -0.0566038   0.0013735   0.0213508, spin=1
     Doing K =   -0.0660377   0.0016024   0.0249093, spin=1
     Doing K =   -0.0754717   0.0018313   0.0284678, spin=1
     Doing K =   -0.0849057   0.0020602   0.0320262, spin=1
     Doing K =   -0.0943396   0.0022891   0.0355847, spin=1
     Doing K =   -0.1037736   0.0025180   0.0391432, spin=1
     Doing K =   -0.1132075   0.0027470   0.0427016, spin=1
     Doing K =   -0.1226415   0.0029759   0.0462601, spin=1
     Doing K =   -0.1320755   0.0032048   0.0498186, spin=1
     Doing K =   -0.1415094   0.0034337   0.0533770, spin=1
     Doing K =   -0.1509434   0.0036626   0.0569355, spin=1
     Doing K =   -0.1603774   0.0038915   0.0604940, spin=1
     Doing K =   -0.1698113   0.0041204   0.0640524, spin=1
     Doing K =   -0.1792453   0.0043494   0.0676109, spin=1
     Doing K =   -0.1886792   0.0045783   0.0711694, spin=1
     Doing K =   -0.1981132   0.0048072   0.0747279, spin=1
     Doing K =   -0.2075472   0.0050361   0.0782863, spin=1
     Doing K =   -0.2169811   0.0052650   0.0818448, spin=1
     Doing K =   -0.2264151   0.0054939   0.0854033, spin=1
     Doing K =   -0.2358491   0.0057228   0.0889617, spin=1
     Doing K =   -0.2452830   0.0059518   0.0925202, spin=1
     Doing K =   -0.2547170   0.0061807   0.0960787, spin=1
     Doing K =   -0.2641509   0.0064096   0.0996371, spin=1
     Doing K =   -0.2735849   0.0066385   0.1031956, spin=1
     Doing K =   -0.2830189   0.0068674   0.1067541, spin=1
     Doing K =   -0.2924528   0.0070963   0.1103125, spin=1
     Doing K =   -0.3018868   0.0073252   0.1138710, spin=1
     Doing K =   -0.3113208   0.0075541   0.1174295, spin=1
     Doing K =   -0.3207547   0.0077831   0.1209880, spin=1
     Doing K =   -0.3301887   0.0080120   0.1245464, spin=1
     Doing K =   -0.3396226   0.0082409   0.1281049, spin=1
     Doing K =   -0.3490566   0.0084698   0.1316634, spin=1
     Doing K =   -0.3584906   0.0086987   0.1352218, spin=1
     Doing K =   -0.3679245   0.0089276   0.1387803, spin=1
     Doing K =   -0.3773585   0.0091565   0.1423388, spin=1
     Doing K =   -0.3867925   0.0093855   0.1458972, spin=1
     Doing K =   -0.3962264   0.0096144   0.1494557, spin=1
     Doing K =   -0.4056604   0.0098433   0.1530142, spin=1
     Doing K =   -0.4150943   0.0100722   0.1565727, spin=1
     Doing K =   -0.4245283   0.0103011   0.1601311, spin=1
     Doing K =   -0.4339623   0.0105300   0.1636896, spin=1
     Doing K =   -0.4433962   0.0107589   0.1672481, spin=1
     Doing K =   -0.4528302   0.0109879   0.1708065, spin=1
     Doing K =   -0.4622642   0.0112168   0.1743650, spin=1
     Doing K =   -0.4716981   0.0114457   0.1779235, spin=1
     Doing K =   -0.4811321   0.0116746   0.1814819, spin=1
     Doing K =   -0.4905660   0.0119035   0.1850404, spin=1
     Doing K =   -0.5000000   0.0121324   0.1885989, spin=1
     Doing K =    0.0000000  -0.3528627   0.1067890, spin=1
     Doing K =    0.0000000  -0.3430610   0.1038226, spin=1
     Doing K =    0.0000000  -0.3332592   0.1008563, spin=1
     Doing K =    0.0000000  -0.3234575   0.0978899, spin=1
     Doing K =    0.0000000  -0.3136557   0.0949235, spin=1
     Doing K =    0.0000000  -0.3038540   0.0919572, spin=1
     Doing K =    0.0000000  -0.2940523   0.0889908, spin=1
     Doing K =    0.0000000  -0.2842505   0.0860245, spin=1
     Doing K =    0.0000000  -0.2744488   0.0830581, spin=1
     Doing K =    0.0000000  -0.2646470   0.0800917, spin=1
     Doing K =    0.0000000  -0.2548453   0.0771254, spin=1
     Doing K =    0.0000000  -0.2450436   0.0741590, spin=1
     Doing K =    0.0000000  -0.2352418   0.0711927, spin=1
     Doing K =    0.0000000  -0.2254401   0.0682263, spin=1
     Doing K =    0.0000000  -0.2156383   0.0652599, spin=1
     Doing K =    0.0000000  -0.2058366   0.0622936, spin=1
     Doing K =    0.0000000  -0.1960348   0.0593272, spin=1
     Doing K =    0.0000000  -0.1862331   0.0563609, spin=1
     Doing K =    0.0000000  -0.1764314   0.0533945, spin=1
     Doing K =    0.0000000  -0.1666296   0.0504281, spin=1
     Doing K =    0.0000000  -0.1568279   0.0474618, spin=1
     Doing K =    0.0000000  -0.1470261   0.0444954, spin=1
     Doing K =    0.0000000  -0.1372244   0.0415290, spin=1
     Doing K =    0.0000000  -0.1274226   0.0385627, spin=1
     Doing K =    0.0000000  -0.1176209   0.0355963, spin=1
     Doing K =    0.0000000  -0.1078192   0.0326300, spin=1
     Doing K =    0.0000000  -0.0980174   0.0296636, spin=1
     Doing K =    0.0000000  -0.0882157   0.0266972, spin=1
     Doing K =    0.0000000  -0.0784139   0.0237309, spin=1
     Doing K =    0.0000000  -0.0686122   0.0207645, spin=1
     Doing K =    0.0000000  -0.0588105   0.0177982, spin=1
     Doing K =    0.0000000  -0.0490087   0.0148318, spin=1
     Doing K =    0.0000000  -0.0392070   0.0118654, spin=1
     Doing K =    0.0000000  -0.0294052   0.0088991, spin=1
     Doing K =    0.0000000  -0.0196035   0.0059327, spin=1
     Doing K =    0.0000000  -0.0098017   0.0029664, spin=1
     Doing K =    0.0000000   0.0000000   0.0000000, spin=1
     Doing K =    0.0000000   0.0000000   0.0102270, spin=1
     Doing K =    0.0000000   0.0000000   0.0204540, spin=1
     Doing K =    0.0000000   0.0000000   0.0306810, spin=1
     Doing K =    0.0000000   0.0000000   0.0409080, spin=1
     Doing K =    0.0000000   0.0000000   0.0511350, spin=1
     Doing K =    0.0000000   0.0000000   0.0613620, spin=1
     Doing K =    0.0000000   0.0000000   0.0715890, spin=1
     Doing K =    0.0000000   0.0000000   0.0818160, spin=1
     Doing K =    0.0000000   0.0000000   0.0920430, spin=1
     Doing K =    0.0000000   0.0000000   0.1022700, spin=1
     Doing K =    0.0000000   0.0000000   0.1124971, spin=1
     Doing K =    0.0000000   0.0000000   0.1227241, spin=1
     Doing K =    0.0000000   0.0000000   0.1329511, spin=1
     Doing K =    0.0000000   0.0000000   0.1431781, spin=1
     Doing K =    0.0000000   0.0000000   0.1534051, spin=1
     Doing K =    0.0000000   0.0000000   0.1636321, spin=1
     Doing K =    0.0000000   0.0000000   0.1738591, spin=1
     Doing K =    0.0000000   0.0000000   0.1840861, spin=1
     Doing K =    0.0000000   0.0000000   0.1943131, spin=1
     Doing K =    0.0000000   0.0000000   0.2045401, spin=1
     Doing K =    0.0000000   0.0000000   0.2147671, spin=1
     Doing K =    0.0000000   0.0000000   0.2249941, spin=1
     Doing K =    0.0000000   0.0000000   0.2352211, spin=1
     Doing K =    0.0000000   0.0000000   0.2454481, spin=1
     Doing K =    0.0000000   0.0000000   0.2556751, spin=1
     Doing K =    0.0000000   0.0000000   0.2659021, spin=1
     Doing K =    0.0000000   0.0000000   0.2761291, spin=1
     Doing K =    0.0000000   0.0000000   0.2863561, spin=1
     Doing K =    0.0000000   0.0000000   0.2965831, spin=1
     Doing K =    0.0000000   0.0000000   0.3068101, spin=1
     Doing K =    0.0000000   0.0000000   0.3170371, spin=1
     Doing K =    0.0000000   0.0000000   0.3272641, spin=1
     Doing K =    0.0000000   0.0000000   0.3374912, spin=1
     Doing K =    0.0000000   0.0000000   0.3477182, spin=1
     Doing K =    0.0000000   0.0000000   0.3579452, spin=1
     Doing K =    0.0000000   0.0000000   0.3681722, spin=1
     Doing K =    0.0000000   0.0000000   0.3783992, spin=1
     Doing K =    0.0000000   0.0000000   0.3886262, spin=1
     Doing K =    0.5000000   0.3407303   0.0932383, spin=1
     Doing K =    0.4918033   0.3351446   0.0917098, spin=1
     Doing K =    0.4836066   0.3295588   0.0901813, spin=1
     Doing K =    0.4754098   0.3239731   0.0886528, spin=1
     Doing K =    0.4672131   0.3183873   0.0871243, spin=1
     Doing K =    0.4590164   0.3128016   0.0855958, spin=1
     Doing K =    0.4508197   0.3072158   0.0840673, spin=1
     Doing K =    0.4426230   0.3016301   0.0825388, spin=1
     Doing K =    0.4344262   0.2960444   0.0810103, spin=1
     Doing K =    0.4262295   0.2904586   0.0794818, spin=1
     Doing K =    0.4180328   0.2848729   0.0779533, spin=1
     Doing K =    0.4098361   0.2792871   0.0764248, spin=1
     Doing K =    0.4016393   0.2737014   0.0748964, spin=1
     Doing K =    0.3934426   0.2681156   0.0733679, spin=1
     Doing K =    0.3852459   0.2625299   0.0718394, spin=1
     Doing K =    0.3770492   0.2569442   0.0703109, spin=1
     Doing K =    0.3688525   0.2513584   0.0687824, spin=1
     Doing K =    0.3606557   0.2457727   0.0672539, spin=1
     Doing K =    0.3524590   0.2401869   0.0657254, spin=1
     Doing K =    0.3442623   0.2346012   0.0641969, spin=1
     Doing K =    0.3360656   0.2290154   0.0626684, spin=1
     Doing K =    0.3278689   0.2234297   0.0611399, spin=1
     Doing K =    0.3196721   0.2178440   0.0596114, spin=1
     Doing K =    0.3114754   0.2122582   0.0580829, spin=1
     Doing K =    0.3032787   0.2066725   0.0565544, spin=1
     Doing K =    0.2950820   0.2010867   0.0550259, spin=1
     Doing K =    0.2868852   0.1955010   0.0534974, spin=1
     Doing K =    0.2786885   0.1899152   0.0519689, spin=1
     Doing K =    0.2704918   0.1843295   0.0504404, spin=1
     Doing K =    0.2622951   0.1787438   0.0489119, spin=1
     Doing K =    0.2540984   0.1731580   0.0473834, spin=1
     Doing K =    0.2459016   0.1675723   0.0458549, spin=1
     Doing K =    0.2377049   0.1619865   0.0443264, spin=1
     Doing K =    0.2295082   0.1564008   0.0427979, spin=1
     Doing K =    0.2213115   0.1508150   0.0412694, spin=1
     Doing K =    0.2131148   0.1452293   0.0397409, spin=1
     Doing K =    0.2049180   0.1396436   0.0382124, spin=1
     Doing K =    0.1967213   0.1340578   0.0366839, spin=1
     Doing K =    0.1885246   0.1284721   0.0351554, spin=1
     Doing K =    0.1803279   0.1228863   0.0336269, spin=1
     Doing K =    0.1721311   0.1173006   0.0320984, spin=1
     Doing K =    0.1639344   0.1117149   0.0305699, spin=1
     Doing K =    0.1557377   0.1061291   0.0290414, spin=1
     Doing K =    0.1475410   0.1005434   0.0275129, spin=1
     Doing K =    0.1393443   0.0949576   0.0259844, spin=1
     Doing K =    0.1311475   0.0893719   0.0244560, spin=1
     Doing K =    0.1229508   0.0837861   0.0229275, spin=1
     Doing K =    0.1147541   0.0782004   0.0213990, spin=1
     Doing K =    0.1065574   0.0726147   0.0198705, spin=1
     Doing K =    0.0983607   0.0670289   0.0183420, spin=1
     Doing K =    0.0901639   0.0614432   0.0168135, spin=1
     Doing K =    0.0819672   0.0558574   0.0152850, spin=1
     Doing K =    0.0737705   0.0502717   0.0137565, spin=1
     Doing K =    0.0655738   0.0446859   0.0122280, spin=1
     Doing K =    0.0573770   0.0391002   0.0106995, spin=1
     Doing K =    0.0491803   0.0335145   0.0091710, spin=1
     Doing K =    0.0409836   0.0279287   0.0076425, spin=1
     Doing K =    0.0327869   0.0223430   0.0061140, spin=1
     Doing K =    0.0245902   0.0167572   0.0045855, spin=1
     Doing K =    0.0163934   0.0111715   0.0030570, spin=1
     Doing K =    0.0081967   0.0055857   0.0015285, spin=1
     Doing K =    0.0000000   0.0000000   0.0000000, spin=1
     Doing K =    0.0000000   0.0078414   0.0062630, spin=1
     Doing K =    0.0000000   0.0156828   0.0125261, spin=1
     Doing K =    0.0000000   0.0235242   0.0187891, spin=1
     Doing K =    0.0000000   0.0313656   0.0250522, spin=1
     Doing K =    0.0000000   0.0392070   0.0313152, spin=1
     Doing K =    0.0000000   0.0470484   0.0375783, spin=1
     Doing K =    0.0000000   0.0548898   0.0438413, spin=1
     Doing K =    0.0000000   0.0627311   0.0501044, spin=1
     Doing K =    0.0000000   0.0705725   0.0563674, spin=1
     Doing K =    0.0000000   0.0784139   0.0626305, spin=1
     Doing K =    0.0000000   0.0862553   0.0688935, spin=1
     Doing K =    0.0000000   0.0940967   0.0751566, spin=1
     Doing K =    0.0000000   0.1019381   0.0814196, spin=1
     Doing K =    0.0000000   0.1097795   0.0876827, spin=1
     Doing K =    0.0000000   0.1176209   0.0939457, spin=1
     Doing K =    0.0000000   0.1254623   0.1002088, spin=1
     Doing K =    0.0000000   0.1333037   0.1064718, spin=1
     Doing K =    0.0000000   0.1411451   0.1127349, spin=1
     Doing K =    0.0000000   0.1489865   0.1189979, spin=1
     Doing K =    0.0000000   0.1568279   0.1252610, spin=1
     Doing K =    0.0000000   0.1646693   0.1315240, spin=1
     Doing K =    0.0000000   0.1725107   0.1377871, spin=1
     Doing K =    0.0000000   0.1803521   0.1440501, spin=1
     Doing K =    0.0000000   0.1881934   0.1503132, spin=1
     Doing K =    0.0000000   0.1960348   0.1565762, spin=1
     Doing K =    0.0000000   0.2038762   0.1628393, spin=1
     Doing K =    0.0000000   0.2117176   0.1691023, spin=1
     Doing K =    0.0000000   0.2195590   0.1753654, spin=1
     Doing K =    0.0000000   0.2274004   0.1816284, spin=1
     Doing K =    0.0000000   0.2352418   0.1878915, spin=1
     Doing K =    0.0000000   0.2430832   0.1941545, spin=1
     Doing K =    0.0000000   0.2509246   0.2004176, spin=1
     Doing K =    0.0000000   0.2587660   0.2066806, spin=1
     Doing K =    0.0000000   0.2666074   0.2129437, spin=1
     Doing K =    0.0000000   0.2744488   0.2192067, spin=1
     Doing K =    0.0000000   0.2822902   0.2254698, spin=1
     Doing K =    0.0000000   0.2901316   0.2317328, spin=1
     Doing K =    0.0000000   0.2979730   0.2379958, spin=1
     Doing K =    0.0000000   0.3058144   0.2442589, spin=1
     Doing K =    0.0000000   0.3136557   0.2505219, spin=1
     Doing K =    0.0000000   0.3214971   0.2567850, spin=1
     Doing K =    0.0000000   0.3293385   0.2630480, spin=1
     Doing K =    0.0000000   0.3371799   0.2693111, spin=1
     Doing K =    0.0000000   0.3450213   0.2755741, spin=1
     Doing K =    0.0000000   0.3528627   0.2818372, spin=1
     Doing K =    0.5000000  -0.0121324   0.2000273, spin=1
     Doing K =    0.4907407  -0.0119077   0.1963231, spin=1
     Doing K =    0.4814815  -0.0116831   0.1926189, spin=1
     Doing K =    0.4722222  -0.0114584   0.1889147, spin=1
     Doing K =    0.4629630  -0.0112337   0.1852105, spin=1
     Doing K =    0.4537037  -0.0110090   0.1815063, spin=1
     Doing K =    0.4444444  -0.0107844   0.1778020, spin=1
     Doing K =    0.4351852  -0.0105597   0.1740978, spin=1
     Doing K =    0.4259259  -0.0103350   0.1703936, spin=1
     Doing K =    0.4166667  -0.0101103   0.1666894, spin=1
     Doing K =    0.4074074  -0.0098857   0.1629852, spin=1
     Doing K =    0.3981481  -0.0096610   0.1592810, spin=1
     Doing K =    0.3888889  -0.0094363   0.1555768, spin=1
     Doing K =    0.3796296  -0.0092117   0.1518726, spin=1
     Doing K =    0.3703704  -0.0089870   0.1481684, spin=1
     Doing K =    0.3611111  -0.0087623   0.1444642, spin=1
     Doing K =    0.3518519  -0.0085376   0.1407600, spin=1
     Doing K =    0.3425926  -0.0083130   0.1370557, spin=1
     Doing K =    0.3333333  -0.0080883   0.1333515, spin=1
     Doing K =    0.3240741  -0.0078636   0.1296473, spin=1
     Doing K =    0.3148148  -0.0076389   0.1259431, spin=1
     Doing K =    0.3055556  -0.0074143   0.1222389, spin=1
     Doing K =    0.2962963  -0.0071896   0.1185347, spin=1
     Doing K =    0.2870370  -0.0069649   0.1148305, spin=1
     Doing K =    0.2777778  -0.0067402   0.1111263, spin=1
     Doing K =    0.2685185  -0.0065156   0.1074221, spin=1
     Doing K =    0.2592593  -0.0062909   0.1037179, spin=1
     Doing K =    0.2500000  -0.0060662   0.1000136, spin=1
     Doing K =    0.2407407  -0.0058415   0.0963094, spin=1
     Doing K =    0.2314815  -0.0056169   0.0926052, spin=1
     Doing K =    0.2222222  -0.0053922   0.0889010, spin=1
     Doing K =    0.2129630  -0.0051675   0.0851968, spin=1
     Doing K =    0.2037037  -0.0049428   0.0814926, spin=1
     Doing K =    0.1944444  -0.0047182   0.0777884, spin=1
     Doing K =    0.1851852  -0.0044935   0.0740842, spin=1
     Doing K =    0.1759259  -0.0042688   0.0703800, spin=1
     Doing K =    0.1666667  -0.0040441   0.0666758, spin=1
     Doing K =    0.1574074  -0.0038195   0.0629716, spin=1
     Doing K =    0.1481481  -0.0035948   0.0592673, spin=1
     Doing K =    0.1388889  -0.0033701   0.0555631, spin=1
     Doing K =    0.1296296  -0.0031454   0.0518589, spin=1
     Doing K =    0.1203704  -0.0029208   0.0481547, spin=1
     Doing K =    0.1111111  -0.0026961   0.0444505, spin=1
     Doing K =    0.1018519  -0.0024714   0.0407463, spin=1
     Doing K =    0.0925926  -0.0022467   0.0370421, spin=1
     Doing K =    0.0833333  -0.0020221   0.0333379, spin=1
     Doing K =    0.0740741  -0.0017974   0.0296337, spin=1
     Doing K =    0.0648148  -0.0015727   0.0259295, spin=1
     Doing K =    0.0555556  -0.0013480   0.0222253, spin=1
     Doing K =    0.0462963  -0.0011234   0.0185210, spin=1
     Doing K =    0.0370370  -0.0008987   0.0148168, spin=1
     Doing K =    0.0277778  -0.0006740   0.0111126, spin=1
     Doing K =    0.0185185  -0.0004493   0.0074084, spin=1
     Doing K =    0.0092593  -0.0002247   0.0037042, spin=1
     Doing K =    0.0000000   0.0000000   0.0000000, spin=1
     Doing K =   -0.0079365   0.0057936   0.0012986, spin=1
     Doing K =   -0.0158730   0.0115871   0.0025971, spin=1
     Doing K =   -0.0238095   0.0173807   0.0038957, spin=1
     Doing K =   -0.0317460   0.0231743   0.0051943, spin=1
     Doing K =   -0.0396825   0.0289679   0.0064928, spin=1
     Doing K =   -0.0476190   0.0347614   0.0077914, spin=1
     Doing K =   -0.0555556   0.0405550   0.0090900, spin=1
     Doing K =   -0.0634921   0.0463486   0.0103886, spin=1
     Doing K =   -0.0714286   0.0521422   0.0116871, spin=1
     Doing K =   -0.0793651   0.0579357   0.0129857, spin=1
     Doing K =   -0.0873016   0.0637293   0.0142843, spin=1
     Doing K =   -0.0952381   0.0695229   0.0155828, spin=1
     Doing K =   -0.1031746   0.0753165   0.0168814, spin=1
     Doing K =   -0.1111111   0.0811100   0.0181800, spin=1
     Doing K =   -0.1190476   0.0869036   0.0194785, spin=1
     Doing K =   -0.1269841   0.0926972   0.0207771, spin=1
     Doing K =   -0.1349206   0.0984907   0.0220757, spin=1
     Doing K =   -0.1428571   0.1042843   0.0233743, spin=1
     Doing K =   -0.1507937   0.1100779   0.0246728, spin=1
     Doing K =   -0.1587302   0.1158715   0.0259714, spin=1
     Doing K =   -0.1666667   0.1216650   0.0272700, spin=1
     Doing K =   -0.1746032   0.1274586   0.0285685, spin=1
     Doing K =   -0.1825397   0.1332522   0.0298671, spin=1
     Doing K =   -0.1904762   0.1390458   0.0311657, spin=1
     Doing K =   -0.1984127   0.1448393   0.0324642, spin=1
     Doing K =   -0.2063492   0.1506329   0.0337628, spin=1
     Doing K =   -0.2142857   0.1564265   0.0350614, spin=1
     Doing K =   -0.2222222   0.1622201   0.0363600, spin=1
     Doing K =   -0.2301587   0.1680136   0.0376585, spin=1
     Doing K =   -0.2380952   0.1738072   0.0389571, spin=1
     Doing K =   -0.2460317   0.1796008   0.0402557, spin=1
     Doing K =   -0.2539683   0.1853944   0.0415542, spin=1
     Doing K =   -0.2619048   0.1911879   0.0428528, spin=1
     Doing K =   -0.2698413   0.1969815   0.0441514, spin=1
     Doing K =   -0.2777778   0.2027751   0.0454499, spin=1
     Doing K =   -0.2857143   0.2085686   0.0467485, spin=1
     Doing K =   -0.2936508   0.2143622   0.0480471, spin=1
     Doing K =   -0.3015873   0.2201558   0.0493456, spin=1
     Doing K =   -0.3095238   0.2259494   0.0506442, spin=1
     Doing K =   -0.3174603   0.2317429   0.0519428, spin=1
     Doing K =   -0.3253968   0.2375365   0.0532414, spin=1
     Doing K =   -0.3333333   0.2433301   0.0545399, spin=1
     Doing K =   -0.3412698   0.2491237   0.0558385, spin=1
     Doing K =   -0.3492063   0.2549172   0.0571371, spin=1
     Doing K =   -0.3571429   0.2607108   0.0584356, spin=1
     Doing K =   -0.3650794   0.2665044   0.0597342, spin=1
     Doing K =   -0.3730159   0.2722980   0.0610328, spin=1
     Doing K =   -0.3809524   0.2780915   0.0623313, spin=1
     Doing K =   -0.3888889   0.2838851   0.0636299, spin=1
     Doing K =   -0.3968254   0.2896787   0.0649285, spin=1
     Doing K =   -0.4047619   0.2954722   0.0662271, spin=1
     Doing K =   -0.4126984   0.3012658   0.0675256, spin=1
     Doing K =   -0.4206349   0.3070594   0.0688242, spin=1
     Doing K =   -0.4285714   0.3128530   0.0701228, spin=1
     Doing K =   -0.4365079   0.3186465   0.0714213, spin=1
     Doing K =   -0.4444444   0.3244401   0.0727199, spin=1
     Doing K =   -0.4523810   0.3302337   0.0740185, spin=1
     Doing K =   -0.4603175   0.3360273   0.0753170, spin=1
     Doing K =   -0.4682540   0.3418208   0.0766156, spin=1
     Doing K =   -0.4761905   0.3476144   0.0779142, spin=1
     Doing K =   -0.4841270   0.3534080   0.0792128, spin=1
     Doing K =   -0.4920635   0.3592016   0.0805113, spin=1
     Doing K =   -0.5000000   0.3649951   0.0818099, spin=1
     Done!
