
     Program UNFOLD v.5.0.2 (svn rev. 9656) starts on 15Feb2014 at  9:30:24 

     This program is part of the open-source Quantum ESPRESSO suite
     for quantum simulation of materials; please cite
         "P. Giannozzi et al., J. Phys.:Condens. Matter 21 395502 (2009);
          URL http://www.quantum-espresso.org", 
     in publications or presentations arising from this work. More details at
     http://www.quantum-espresso.org/quote.php

     Parallel version (MPI), running on     1 processors

   Info: using nr1, nr2, nr3 values from input

   Info: using nr1s, nr2s, nr3s values from input

     IMPORTANT: XC functional enforced from input :
     Exchange-correlation      = SLA  PW   PBE  PBE ( 1 4 3 4 0)
     EXX-fraction              =        0.00
     Any further DFT definition will be discarded
     Please, verify this is what you really want


     G-vector sticks info
     --------------------
     sticks:   dense  smooth     PW     G-vecs:    dense   smooth      PW
     Sum        1757     697    213               111459    28091    4685

     The determinant of TRMAT is:   2.0
     Supercell crystal axes: (cart. coord. in units of SuperCell_alat)
               a(1) = (   1.000000   0.000000   0.000000 )  
               a(2) = (   0.000000   1.000000   0.000000 )  
               a(3) = (   0.000000   0.000000   2.000000 )  

     Supercell reciprocal axes: (cart. coord. in units 2 pi/SC_alat)
               b(1) = (  1.000000  0.000000  0.000000 )  
               b(2) = (  0.000000  1.000000  0.000000 )  
               b(3) = (  0.000000  0.000000  0.500000 )  

     New crystal axes: (cart. coord. in units of SC_alat)
               a(1) = (   1.000000   0.000000   0.000000 )  
               a(2) = (   0.000000   1.000000   0.000000 )  
               a(3) = (   0.000000   0.000000   1.000000 )  

     New reciprocal axes: (cart. coord. in units 2 pi/SC_alat)
               b(1) = (  1.000000  0.000000  0.000000 )  
               b(2) = (  0.000000  1.000000  0.000000 )  
               b(3) = (  0.000000  0.000000  1.000000 )  

     WARNING: USPP blindly implemented!
     Plotting command for Gnuplot
     set pm3d map interpolate 2,2
     splot './BaTiO_Unfolded_SPFN.dat' binary record=( 121,-1) format='%double' u 1:2:3
     Doing K =    0.0000000   0.0000000   0.0000000, spin=1
     Doing K =    0.0166667   0.0000000   0.0000000, spin=1
     Doing K =    0.0333333   0.0000000   0.0000000, spin=1
     Doing K =    0.0500000   0.0000000   0.0000000, spin=1
     Doing K =    0.0666667   0.0000000   0.0000000, spin=1
     Doing K =    0.0833333   0.0000000   0.0000000, spin=1
     Doing K =    0.1000000   0.0000000   0.0000000, spin=1
     Doing K =    0.1166667   0.0000000   0.0000000, spin=1
     Doing K =    0.1333333   0.0000000   0.0000000, spin=1
     Doing K =    0.1500000   0.0000000   0.0000000, spin=1
     Doing K =    0.1666667   0.0000000   0.0000000, spin=1
     Doing K =    0.1833333   0.0000000   0.0000000, spin=1
     Doing K =    0.2000000   0.0000000   0.0000000, spin=1
     Doing K =    0.2166667   0.0000000   0.0000000, spin=1
     Doing K =    0.2333333   0.0000000   0.0000000, spin=1
     Doing K =    0.2500000   0.0000000   0.0000000, spin=1
     Doing K =    0.2666667   0.0000000   0.0000000, spin=1
     Doing K =    0.2833333   0.0000000   0.0000000, spin=1
     Doing K =    0.3000000   0.0000000   0.0000000, spin=1
     Doing K =    0.3166667   0.0000000   0.0000000, spin=1
     Doing K =    0.3333333   0.0000000   0.0000000, spin=1
     Doing K =    0.3500000   0.0000000   0.0000000, spin=1
     Doing K =    0.3666667   0.0000000   0.0000000, spin=1
     Doing K =    0.3833333   0.0000000   0.0000000, spin=1
     Doing K =    0.4000000   0.0000000   0.0000000, spin=1
     Doing K =    0.4166667   0.0000000   0.0000000, spin=1
     Doing K =    0.4333333   0.0000000   0.0000000, spin=1
     Doing K =    0.4500000   0.0000000   0.0000000, spin=1
     Doing K =    0.4666667   0.0000000   0.0000000, spin=1
     Doing K =    0.4833333   0.0000000   0.0000000, spin=1
     Doing K =    0.5000000   0.0000000   0.0000000, spin=1
     Doing K =    0.5000000   0.0000000   0.0166667, spin=1
     Doing K =    0.5000000   0.0000000   0.0333333, spin=1
     Doing K =    0.5000000   0.0000000   0.0500000, spin=1
     Doing K =    0.5000000   0.0000000   0.0666667, spin=1
     Doing K =    0.5000000   0.0000000   0.0833333, spin=1
     Doing K =    0.5000000   0.0000000   0.1000000, spin=1
     Doing K =    0.5000000   0.0000000   0.1166667, spin=1
     Doing K =    0.5000000   0.0000000   0.1333333, spin=1
     Doing K =    0.5000000   0.0000000   0.1500000, spin=1
     Doing K =    0.5000000   0.0000000   0.1666667, spin=1
     Doing K =    0.5000000   0.0000000   0.1833333, spin=1
     Doing K =    0.5000000   0.0000000   0.2000000, spin=1
     Doing K =    0.5000000   0.0000000   0.2166667, spin=1
     Doing K =    0.5000000   0.0000000   0.2333333, spin=1
     Doing K =    0.5000000   0.0000000   0.2500000, spin=1
     Doing K =    0.5000000   0.0000000   0.2666667, spin=1
     Doing K =    0.5000000   0.0000000   0.2833333, spin=1
     Doing K =    0.5000000   0.0000000   0.3000000, spin=1
     Doing K =    0.5000000   0.0000000   0.3166667, spin=1
     Doing K =    0.5000000   0.0000000   0.3333333, spin=1
     Doing K =    0.5000000   0.0000000   0.3500000, spin=1
     Doing K =    0.5000000   0.0000000   0.3666667, spin=1
     Doing K =    0.5000000   0.0000000   0.3833333, spin=1
     Doing K =    0.5000000   0.0000000   0.4000000, spin=1
     Doing K =    0.5000000   0.0000000   0.4166667, spin=1
     Doing K =    0.5000000   0.0000000   0.4333333, spin=1
     Doing K =    0.5000000   0.0000000   0.4500000, spin=1
     Doing K =    0.5000000   0.0000000   0.4666667, spin=1
     Doing K =    0.5000000   0.0000000   0.4833333, spin=1
     Doing K =    0.5000000   0.0000000   0.5000000, spin=1
     Doing K =    0.4833333   0.0000000   0.4833333, spin=1
     Doing K =    0.4666667   0.0000000   0.4666667, spin=1
     Doing K =    0.4500000   0.0000000   0.4500000, spin=1
     Doing K =    0.4333333   0.0000000   0.4333333, spin=1
     Doing K =    0.4166667   0.0000000   0.4166667, spin=1
     Doing K =    0.4000000   0.0000000   0.4000000, spin=1
     Doing K =    0.3833333   0.0000000   0.3833333, spin=1
     Doing K =    0.3666667   0.0000000   0.3666667, spin=1
     Doing K =    0.3500000   0.0000000   0.3500000, spin=1
     Doing K =    0.3333333   0.0000000   0.3333333, spin=1
     Doing K =    0.3166667   0.0000000   0.3166667, spin=1
     Doing K =    0.3000000   0.0000000   0.3000000, spin=1
     Doing K =    0.2833333   0.0000000   0.2833333, spin=1
     Doing K =    0.2666667   0.0000000   0.2666667, spin=1
     Doing K =    0.2500000   0.0000000   0.2500000, spin=1
     Doing K =    0.2333333   0.0000000   0.2333333, spin=1
     Doing K =    0.2166667   0.0000000   0.2166667, spin=1
     Doing K =    0.2000000   0.0000000   0.2000000, spin=1
     Doing K =    0.1833333   0.0000000   0.1833333, spin=1
     Doing K =    0.1666667   0.0000000   0.1666667, spin=1
     Doing K =    0.1500000   0.0000000   0.1500000, spin=1
     Doing K =    0.1333333   0.0000000   0.1333333, spin=1
     Doing K =    0.1166667   0.0000000   0.1166667, spin=1
     Doing K =    0.1000000   0.0000000   0.1000000, spin=1
     Doing K =    0.0833333   0.0000000   0.0833333, spin=1
     Doing K =    0.0666667   0.0000000   0.0666667, spin=1
     Doing K =    0.0500000   0.0000000   0.0500000, spin=1
     Doing K =    0.0333333   0.0000000   0.0333333, spin=1
     Doing K =    0.0166667   0.0000000   0.0166667, spin=1
     Doing K =    0.0000000   0.0000000   0.0000000, spin=1
     Doing K =    0.0166667   0.0166667   0.0000000, spin=1
     Doing K =    0.0333333   0.0333333   0.0000000, spin=1
     Doing K =    0.0500000   0.0500000   0.0000000, spin=1
     Doing K =    0.0666667   0.0666667   0.0000000, spin=1
     Doing K =    0.0833333   0.0833333   0.0000000, spin=1
     Doing K =    0.1000000   0.1000000   0.0000000, spin=1
     Doing K =    0.1166667   0.1166667   0.0000000, spin=1
     Doing K =    0.1333333   0.1333333   0.0000000, spin=1
     Doing K =    0.1500000   0.1500000   0.0000000, spin=1
     Doing K =    0.1666667   0.1666667   0.0000000, spin=1
     Doing K =    0.1833333   0.1833333   0.0000000, spin=1
     Doing K =    0.2000000   0.2000000   0.0000000, spin=1
     Doing K =    0.2166667   0.2166667   0.0000000, spin=1
     Doing K =    0.2333333   0.2333333   0.0000000, spin=1
     Doing K =    0.2500000   0.2500000   0.0000000, spin=1
     Doing K =    0.2666667   0.2666667   0.0000000, spin=1
     Doing K =    0.2833333   0.2833333   0.0000000, spin=1
     Doing K =    0.3000000   0.3000000   0.0000000, spin=1
     Doing K =    0.3166667   0.3166667   0.0000000, spin=1
     Doing K =    0.3333333   0.3333333   0.0000000, spin=1
     Doing K =    0.3500000   0.3500000   0.0000000, spin=1
     Doing K =    0.3666667   0.3666667   0.0000000, spin=1
     Doing K =    0.3833333   0.3833333   0.0000000, spin=1
     Doing K =    0.4000000   0.4000000   0.0000000, spin=1
     Doing K =    0.4166667   0.4166667   0.0000000, spin=1
     Doing K =    0.4333333   0.4333333   0.0000000, spin=1
     Doing K =    0.4500000   0.4500000   0.0000000, spin=1
     Doing K =    0.4666667   0.4666667   0.0000000, spin=1
     Doing K =    0.4833333   0.4833333   0.0000000, spin=1
     Doing K =    0.5000000   0.5000000   0.0000000, spin=1
     Doing K =    0.5000000   0.5000000   0.0166667, spin=1
     Doing K =    0.5000000   0.5000000   0.0333333, spin=1
     Doing K =    0.5000000   0.5000000   0.0500000, spin=1
     Doing K =    0.5000000   0.5000000   0.0666667, spin=1
     Doing K =    0.5000000   0.5000000   0.0833333, spin=1
     Doing K =    0.5000000   0.5000000   0.1000000, spin=1
     Doing K =    0.5000000   0.5000000   0.1166667, spin=1
     Doing K =    0.5000000   0.5000000   0.1333333, spin=1
     Doing K =    0.5000000   0.5000000   0.1500000, spin=1
     Doing K =    0.5000000   0.5000000   0.1666667, spin=1
     Doing K =    0.5000000   0.5000000   0.1833333, spin=1
     Doing K =    0.5000000   0.5000000   0.2000000, spin=1
     Doing K =    0.5000000   0.5000000   0.2166667, spin=1
     Doing K =    0.5000000   0.5000000   0.2333333, spin=1
     Doing K =    0.5000000   0.5000000   0.2500000, spin=1
     Doing K =    0.5000000   0.5000000   0.2666667, spin=1
     Doing K =    0.5000000   0.5000000   0.2833333, spin=1
     Doing K =    0.5000000   0.5000000   0.3000000, spin=1
     Doing K =    0.5000000   0.5000000   0.3166667, spin=1
     Doing K =    0.5000000   0.5000000   0.3333333, spin=1
     Doing K =    0.5000000   0.5000000   0.3500000, spin=1
     Doing K =    0.5000000   0.5000000   0.3666667, spin=1
     Doing K =    0.5000000   0.5000000   0.3833333, spin=1
     Doing K =    0.5000000   0.5000000   0.4000000, spin=1
     Doing K =    0.5000000   0.5000000   0.4166667, spin=1
     Doing K =    0.5000000   0.5000000   0.4333333, spin=1
     Doing K =    0.5000000   0.5000000   0.4500000, spin=1
     Doing K =    0.5000000   0.5000000   0.4666667, spin=1
     Doing K =    0.5000000   0.5000000   0.4833333, spin=1
     Doing K =    0.5000000   0.5000000   0.5000000, spin=1
     Doing K =    0.4833333   0.4833333   0.5000000, spin=1
     Doing K =    0.4666667   0.4666667   0.5000000, spin=1
     Doing K =    0.4500000   0.4500000   0.5000000, spin=1
     Doing K =    0.4333333   0.4333333   0.5000000, spin=1
     Doing K =    0.4166667   0.4166667   0.5000000, spin=1
     Doing K =    0.4000000   0.4000000   0.5000000, spin=1
     Doing K =    0.3833333   0.3833333   0.5000000, spin=1
     Doing K =    0.3666667   0.3666667   0.5000000, spin=1
     Doing K =    0.3500000   0.3500000   0.5000000, spin=1
     Doing K =    0.3333333   0.3333333   0.5000000, spin=1
     Doing K =    0.3166667   0.3166667   0.5000000, spin=1
     Doing K =    0.3000000   0.3000000   0.5000000, spin=1
     Doing K =    0.2833333   0.2833333   0.5000000, spin=1
     Doing K =    0.2666667   0.2666667   0.5000000, spin=1
     Doing K =    0.2500000   0.2500000   0.5000000, spin=1
     Doing K =    0.2333333   0.2333333   0.5000000, spin=1
     Doing K =    0.2166667   0.2166667   0.5000000, spin=1
     Doing K =    0.2000000   0.2000000   0.5000000, spin=1
     Doing K =    0.1833333   0.1833333   0.5000000, spin=1
     Doing K =    0.1666667   0.1666667   0.5000000, spin=1
     Doing K =    0.1500000   0.1500000   0.5000000, spin=1
     Doing K =    0.1333333   0.1333333   0.5000000, spin=1
     Doing K =    0.1166667   0.1166667   0.5000000, spin=1
     Doing K =    0.1000000   0.1000000   0.5000000, spin=1
     Doing K =    0.0833333   0.0833333   0.5000000, spin=1
     Doing K =    0.0666667   0.0666667   0.5000000, spin=1
     Doing K =    0.0500000   0.0500000   0.5000000, spin=1
     Doing K =    0.0333333   0.0333333   0.5000000, spin=1
     Doing K =    0.0166667   0.0166667   0.5000000, spin=1
     Doing K =    0.0000000   0.0000000   0.5000000, spin=1
     Doing K =    0.0000000   0.0000000   0.4833333, spin=1
     Doing K =    0.0000000   0.0000000   0.4666667, spin=1
     Doing K =    0.0000000   0.0000000   0.4500000, spin=1
     Doing K =    0.0000000   0.0000000   0.4333333, spin=1
     Doing K =    0.0000000   0.0000000   0.4166667, spin=1
     Doing K =    0.0000000   0.0000000   0.4000000, spin=1
     Doing K =    0.0000000   0.0000000   0.3833333, spin=1
     Doing K =    0.0000000   0.0000000   0.3666667, spin=1
     Doing K =    0.0000000   0.0000000   0.3500000, spin=1
     Doing K =    0.0000000   0.0000000   0.3333333, spin=1
     Doing K =    0.0000000   0.0000000   0.3166667, spin=1
     Doing K =    0.0000000   0.0000000   0.3000000, spin=1
     Doing K =    0.0000000   0.0000000   0.2833333, spin=1
     Doing K =    0.0000000   0.0000000   0.2666667, spin=1
     Doing K =    0.0000000   0.0000000   0.2500000, spin=1
     Doing K =    0.0000000   0.0000000   0.2333333, spin=1
     Doing K =    0.0000000   0.0000000   0.2166667, spin=1
     Doing K =    0.0000000   0.0000000   0.2000000, spin=1
     Doing K =    0.0000000   0.0000000   0.1833333, spin=1
     Doing K =    0.0000000   0.0000000   0.1666667, spin=1
     Doing K =    0.0000000   0.0000000   0.1500000, spin=1
     Doing K =    0.0000000   0.0000000   0.1333333, spin=1
     Doing K =    0.0000000   0.0000000   0.1166667, spin=1
     Doing K =    0.0000000   0.0000000   0.1000000, spin=1
     Doing K =    0.0000000   0.0000000   0.0833333, spin=1
     Doing K =    0.0000000   0.0000000   0.0666667, spin=1
     Doing K =    0.0000000   0.0000000   0.0500000, spin=1
     Doing K =    0.0000000   0.0000000   0.0333333, spin=1
     Doing K =    0.0000000   0.0000000   0.0166667, spin=1
     Doing K =    0.0000000   0.0000000   0.0000000, spin=1
     Done!
