     The determinant of TRMAT is:   2.0
     Supercell crystal axes: (cart. coord. in units of SuperCell_alat)
               a(1) = (   1.000000   0.000000   0.000000 )  
               a(2) = (   0.000000   1.000000   0.000000 )  
               a(3) = (   0.000000   0.000000   2.000000 )  

     Supercell reciprocal axes: (cart. coord. in units 2 pi/SC_alat)
               b(1) = (  1.000000  0.000000  0.000000 )  
               b(2) = (  0.000000  1.000000  0.000000 )  
               b(3) = (  0.000000  0.000000  0.500000 )  

     New crystal axes: (cart. coord. in units of SC_alat)
               a(1) = (   1.000000   0.000000   0.000000 )  
               a(2) = (   0.000000   1.000000   0.000000 )  
               a(3) = (   0.000000   0.000000   1.000000 )  

     New reciprocal axes: (cart. coord. in units 2 pi/SC_alat)
               b(1) = (  1.000000  0.000000  0.000000 )  
               b(2) = (  0.000000  1.000000  0.000000 )  
               b(3) = (  0.000000  0.000000  1.000000 )  

   List of K points for supercell band calculation (NOT reduced by Symmetry)
   K_POINTS tpiba
   177
        0.0000000   0.0000000   0.0000000    1
        0.0166667   0.0000000   0.0000000    2
        0.0333333   0.0000000   0.0000000    3
        0.0500000   0.0000000   0.0000000    4
        0.0666667   0.0000000   0.0000000    5
        0.0833333   0.0000000   0.0000000    6
        0.1000000   0.0000000   0.0000000    7
        0.1166667   0.0000000   0.0000000    8
        0.1333333   0.0000000   0.0000000    9
        0.1500000   0.0000000   0.0000000   10
        0.1666667   0.0000000   0.0000000   11
        0.1833333   0.0000000   0.0000000   12
        0.2000000   0.0000000   0.0000000   13
        0.2166667   0.0000000   0.0000000   14
        0.2333333   0.0000000   0.0000000   15
        0.2500000   0.0000000   0.0000000   16
        0.2666667   0.0000000   0.0000000   17
        0.2833333   0.0000000   0.0000000   18
        0.3000000   0.0000000   0.0000000   19
        0.3166667   0.0000000   0.0000000   20
        0.3333333   0.0000000   0.0000000   21
        0.3500000   0.0000000   0.0000000   22
        0.3666667   0.0000000   0.0000000   23
        0.3833333   0.0000000   0.0000000   24
        0.4000000   0.0000000   0.0000000   25
        0.4166667   0.0000000   0.0000000   26
        0.4333333   0.0000000   0.0000000   27
        0.4500000   0.0000000   0.0000000   28
        0.4666667   0.0000000   0.0000000   29
        0.4833333   0.0000000   0.0000000   30
        0.5000000   0.0000000   0.0000000   31
        0.5000000   0.0000000   0.0166667   32
        0.5000000   0.0000000   0.0333333   33
        0.5000000   0.0000000   0.0500000   34
        0.5000000   0.0000000   0.0666667   35
        0.5000000   0.0000000   0.0833333   36
        0.5000000   0.0000000   0.1000000   37
        0.5000000   0.0000000   0.1166667   38
        0.5000000   0.0000000   0.1333333   39
        0.5000000   0.0000000   0.1500000   40
        0.5000000   0.0000000   0.1666667   41
        0.5000000   0.0000000   0.1833333   42
        0.5000000   0.0000000   0.2000000   43
        0.5000000   0.0000000   0.2166667   44
        0.5000000   0.0000000   0.2333333   45
        0.5000000   0.0000000   0.2500000   46
        0.5000000   0.0000000  -0.2333333   47
        0.5000000   0.0000000  -0.2166667   48
        0.5000000   0.0000000  -0.2000000   49
        0.5000000   0.0000000  -0.1833333   50
        0.5000000   0.0000000  -0.1666667   51
        0.5000000   0.0000000  -0.1500000   52
        0.5000000   0.0000000  -0.1333333   53
        0.5000000   0.0000000  -0.1166667   54
        0.5000000   0.0000000  -0.1000000   55
        0.5000000   0.0000000  -0.0833333   56
        0.5000000   0.0000000  -0.0666667   57
        0.5000000   0.0000000  -0.0500000   58
        0.5000000   0.0000000  -0.0333333   59
        0.5000000   0.0000000  -0.0166667   60
        0.4833333   0.0000000  -0.0166667   61
        0.4666667   0.0000000  -0.0333333   62
        0.4500000   0.0000000  -0.0500000   63
        0.4333333   0.0000000  -0.0666667   64
        0.4166667   0.0000000  -0.0833333   65
        0.4000000   0.0000000  -0.1000000   66
        0.3833333   0.0000000  -0.1166667   67
        0.3666667   0.0000000  -0.1333333   68
        0.3500000   0.0000000  -0.1500000   69
        0.3333333   0.0000000  -0.1666667   70
        0.3166667   0.0000000  -0.1833333   71
        0.3000000   0.0000000  -0.2000000   72
        0.2833333   0.0000000  -0.2166667   73
        0.2666667   0.0000000  -0.2333333   74
        0.2500000   0.0000000   0.2500000   75
        0.2333333   0.0000000   0.2333333   76
        0.2166667   0.0000000   0.2166667   77
        0.2000000   0.0000000   0.2000000   78
        0.1833333   0.0000000   0.1833333   79
        0.1666667   0.0000000   0.1666667   80
        0.1500000   0.0000000   0.1500000   81
        0.1333333   0.0000000   0.1333333   82
        0.1166667   0.0000000   0.1166667   83
        0.1000000   0.0000000   0.1000000   84
        0.0833333   0.0000000   0.0833333   85
        0.0666667   0.0000000   0.0666667   86
        0.0500000   0.0000000   0.0500000   87
        0.0333333   0.0000000   0.0333333   88
        0.0166667   0.0000000   0.0166667   89
        0.0166667   0.0166667   0.0000000   90
        0.0333333   0.0333333   0.0000000   91
        0.0500000   0.0500000   0.0000000   92
        0.0666667   0.0666667   0.0000000   93
        0.0833333   0.0833333   0.0000000   94
        0.1000000   0.1000000   0.0000000   95
        0.1166667   0.1166667   0.0000000   96
        0.1333333   0.1333333   0.0000000   97
        0.1500000   0.1500000   0.0000000   98
        0.1666667   0.1666667   0.0000000   99
        0.1833333   0.1833333   0.0000000  100
        0.2000000   0.2000000   0.0000000  101
        0.2166667   0.2166667   0.0000000  102
        0.2333333   0.2333333   0.0000000  103
        0.2500000   0.2500000   0.0000000  104
        0.2666667   0.2666667   0.0000000  105
        0.2833333   0.2833333   0.0000000  106
        0.3000000   0.3000000   0.0000000  107
        0.3166667   0.3166667   0.0000000  108
        0.3333333   0.3333333   0.0000000  109
        0.3500000   0.3500000   0.0000000  110
        0.3666667   0.3666667   0.0000000  111
        0.3833333   0.3833333   0.0000000  112
        0.4000000   0.4000000   0.0000000  113
        0.4166667   0.4166667   0.0000000  114
        0.4333333   0.4333333   0.0000000  115
        0.4500000   0.4500000   0.0000000  116
        0.4666667   0.4666667   0.0000000  117
        0.4833333   0.4833333   0.0000000  118
        0.5000000   0.5000000   0.0000000  119
        0.5000000   0.5000000   0.0166667  120
        0.5000000   0.5000000   0.0333333  121
        0.5000000   0.5000000   0.0500000  122
        0.5000000   0.5000000   0.0666667  123
        0.5000000   0.5000000   0.0833333  124
        0.5000000   0.5000000   0.1000000  125
        0.5000000   0.5000000   0.1166667  126
        0.5000000   0.5000000   0.1333333  127
        0.5000000   0.5000000   0.1500000  128
        0.5000000   0.5000000   0.1666667  129
        0.5000000   0.5000000   0.1833333  130
        0.5000000   0.5000000   0.2000000  131
        0.5000000   0.5000000   0.2166667  132
        0.5000000   0.5000000   0.2333333  133
        0.5000000   0.5000000   0.2500000  134
        0.5000000   0.5000000  -0.2333333  135
        0.5000000   0.5000000  -0.2166667  136
        0.5000000   0.5000000  -0.2000000  137
        0.5000000   0.5000000  -0.1833333  138
        0.5000000   0.5000000  -0.1666667  139
        0.5000000   0.5000000  -0.1500000  140
        0.5000000   0.5000000  -0.1333333  141
        0.5000000   0.5000000  -0.1166667  142
        0.5000000   0.5000000  -0.1000000  143
        0.5000000   0.5000000  -0.0833333  144
        0.5000000   0.5000000  -0.0666667  145
        0.5000000   0.5000000  -0.0500000  146
        0.5000000   0.5000000  -0.0333333  147
        0.5000000   0.5000000  -0.0166667  148
        0.0000000   0.0000000  -0.0166667  149
        0.0000000   0.0000000  -0.0333333  150
        0.0000000   0.0000000  -0.0500000  151
        0.0000000   0.0000000  -0.0666667  152
        0.0000000   0.0000000  -0.0833333  153
        0.0000000   0.0000000  -0.1000000  154
        0.0000000   0.0000000  -0.1166667  155
        0.0000000   0.0000000  -0.1333333  156
        0.0000000   0.0000000  -0.1500000  157
        0.0000000   0.0000000  -0.1666667  158
        0.0000000   0.0000000  -0.1833333  159
        0.0000000   0.0000000  -0.2000000  160
        0.0000000   0.0000000  -0.2166667  161
        0.0000000   0.0000000  -0.2333333  162
        0.0000000   0.0000000   0.2500000  163
        0.0000000   0.0000000   0.2333333  164
        0.0000000   0.0000000   0.2166667  165
        0.0000000   0.0000000   0.2000000  166
        0.0000000   0.0000000   0.1833333  167
        0.0000000   0.0000000   0.1666667  168
        0.0000000   0.0000000   0.1500000  169
        0.0000000   0.0000000   0.1333333  170
        0.0000000   0.0000000   0.1166667  171
        0.0000000   0.0000000   0.1000000  172
        0.0000000   0.0000000   0.0833333  173
        0.0000000   0.0000000   0.0666667  174
        0.0000000   0.0000000   0.0500000  175
        0.0000000   0.0000000   0.0333333  176
        0.0000000   0.0000000   0.0166667  177
